2021-02-28T14:05:38.595+0100 INFO Starting SareetaApplication on MrP with PID 21468 (C:\Data\Coding\java-udacity\nd035-c4-Security-and-DevOps-master\starter_code\target\classes started by Mr. Perfectionista in C:\Data\Coding\java-udacity\C2-Project)
2021-02-28T14:05:38.610+0100 DEBUG Running with Spring Boot v2.1.5.RELEASE, Spring v5.1.7.RELEASE
2021-02-28T14:05:38.612+0100 INFO No active profile set, falling back to default profiles: default
2021-02-28T14:05:55.598+0100 DEBUG Filter 'JWTAuthenticationVerficationFilter' configured for use
2021-02-28T14:05:58.165+0100 INFO Started SareetaApplication in 20.613 seconds (JVM running for 24.166)
2021-02-28T14:06:09.212+0100 INFO USER CREATING PROCESS STARTED...
2021-02-28T14:06:09.214+0100 INFO USERNAME SET TO: TESTUSER2
2021-02-28T14:06:10.014+0100 INFO USER TESTUSER2 SUCCESSFULLY STORED!
2021-02-28T14:14:55.494+0100 INFO Starting SareetaApplication on MrP with PID 20724 (C:\Data\Coding\java-udacity\nd035-c4-Security-and-DevOps-master\starter_code\target\classes started by Mr. Perfectionista in C:\Data\Coding\java-udacity\C2-Project)
2021-02-28T14:14:55.540+0100 DEBUG Running with Spring Boot v2.1.5.RELEASE, Spring v5.1.7.RELEASE
2021-02-28T14:14:55.546+0100 INFO No active profile set, falling back to default profiles: default
2021-02-28T14:15:18.927+0100 DEBUG Filter 'JWTAuthenticationVerficationFilter' configured for use
2021-02-28T14:15:22.175+0100 INFO Started SareetaApplication in 28.289 seconds (JVM running for 35.684)
2021-02-28T14:16:00.093+0100 INFO USER CREATING PROCESS STARTED...
2021-02-28T14:16:00.095+0100 INFO USERNAME SET TO: TESTUSER2
2021-02-28T14:16:00.727+0100 INFO USER TESTUSER2 SUCCESSFULLY STORED!
2021-02-28T14:16:04.377+0100 DEBUG Request is to process authentication
2021-02-28T14:17:42.971+0100 INFO USER CREATING PROCESS STARTED...
2021-02-28T14:17:42.972+0100 INFO USERNAME SET TO: TESTUSER
2021-02-28T14:17:42.975+0100 ERROR ERROR WITH USER PASSWORD. CANNOT CREATE USER TESTUSER
2021-02-28T14:17:54.508+0100 INFO USER CREATING PROCESS STARTED...
2021-02-28T14:17:54.509+0100 INFO USERNAME SET TO: TESTUSER
2021-02-28T14:17:54.511+0100 ERROR ERROR WITH USER PASSWORD. CANNOT CREATE USER TESTUSER
2021-02-28T14:18:07.305+0100 DEBUG Request is to process authentication
2021-02-28T14:18:20.174+0100 DEBUG Request is to process authentication
2021-02-28T14:19:23.559+0100 ERROR USERNAMETestuser2NOT FOUND
2021-02-28T14:20:28.305+0100 INFO RETURNING ALL ORDERS OF USER TESTUSER2 SUCCESSFUL
